2021-06-18 01:12:22,316 WARN  [org.apache.activemq.artemis.core.client] AMQ212037: Connection failure to /74.120.14.39:42214 has been detected: readAddress(..) failed: Connection reset by peer [code=GENERIC_EXCEPTION]
2021-06-18 06:53:41,594 ERROR [org.apache.activemq.artemis.core.server] AMQ224096: Error setting up connection from /185.180.143.13:43674 to /85.10.201.90:5672; protocol CORE not found in map: [AMQP]
2021-06-18 06:53:49,476 ERROR [org.apache.activemq.artemis.core.server] AMQ224096: Error setting up connection from /185.180.143.13:43674 to /85.10.201.90:5672; protocol CORE not found in map: [AMQP]
2021-06-18 06:53:49,477 ERROR [org.apache.activemq.artemis.core.server] AMQ224096: Error setting up connection from /185.180.143.13:43674 to /85.10.201.90:5672; protocol CORE not found in map: [AMQP]
2021-06-18 06:53:49,605 ERROR [org.apache.activemq.artemis.core.server] AMQ224096: Error setting up connection from /185.180.143.13:55448 to /85.10.201.90:5672; protocol CORE not found in map: [AMQP]
2021-06-18 06:53:57,604 ERROR [org.apache.activemq.artemis.core.server] AMQ224096: Error setting up connection from /185.180.143.13:55448 to /85.10.201.90:5672; protocol CORE not found in map: [AMQP]
2021-06-18 06:53:57,604 ERROR [org.apache.activemq.artemis.core.server] AMQ224096: Error setting up connection from /185.180.143.13:55448 to /85.10.201.90:5672; protocol CORE not found in map: [AMQP]
2021-06-18 06:54:02,946 ERROR [org.apache.activemq.artemis.core.server] AMQ224096: Error setting up connection from /185.180.143.13:45367 to /85.10.201.90:5672; protocol CORE not found in map: [AMQP]
2021-06-18 06:54:07,835 ERROR [org.apache.activemq.artemis.core.server] AMQ224096: Error setting up connection from /185.180.143.13:45367 to /85.10.201.90:5672; protocol CORE not found in map: [AMQP]
2021-06-18 06:54:07,836 ERROR [org.apache.activemq.artemis.core.server] AMQ224096: Error setting up connection from /185.180.143.13:45367 to /85.10.201.90:5672; protocol CORE not found in map: [AMQP]
2021-06-18 09:14:37,744 INFO  [io.hawt.web.auth.LoginServlet] Logging in user: admin
2021-06-18 09:23:18,570 WARN  [org.apache.activemq.artemis.core.client] AMQ212037: Connection failure to /162.142.125.38:49632 has been detected: readAddress(..) failed: Connection reset by peer [code=GENERIC_EXCEPTION]
2021-06-18 09:45:50,720 INFO  [io.hawt.web.auth.SessionExpiryFilter] Expiring session due to inactivity
2021-06-18 10:11:37,894 WARN  [org.apache.activemq.artemis.core.server] AMQ222061: Client connection failed, clearing up resources for session f49ab05a-cf7a-11eb-ab23-4e31a9c1d607
2021-06-18 10:11:37,895 WARN  [org.apache.activemq.artemis.core.server] AMQ222107: Cleared up resources for session f49ab05a-cf7a-11eb-ab23-4e31a9c1d607
2021-06-18 10:11:37,895 WARN  [org.apache.activemq.artemis.core.server] AMQ222061: Client connection failed, clearing up resources for session f49cd33b-cf7a-11eb-ab23-4e31a9c1d607
2021-06-18 10:11:37,896 WARN  [org.apache.activemq.artemis.core.server] AMQ222107: Cleared up resources for session f49cd33b-cf7a-11eb-ab23-4e31a9c1d607
2021-06-18 10:12:06,261 INFO  [io.hawt.web.auth.LoginServlet] Logging in user: admin
2021-06-18 10:13:33,790 WARN  [org.apache.activemq.artemis.core.server] AMQ222061: Client connection failed, clearing up resources for session ef00bd8b-d00c-11eb-adc3-ea7cd5cfcb8f
2021-06-18 10:13:33,791 WARN  [org.apache.activemq.artemis.core.server] AMQ222107: Cleared up resources for session ef00bd8b-d00c-11eb-adc3-ea7cd5cfcb8f
2021-06-18 10:13:33,791 WARN  [org.apache.activemq.artemis.core.server] AMQ222061: Client connection failed, clearing up resources for session ef032e8c-d00c-11eb-adc3-ea7cd5cfcb8f
2021-06-18 10:13:33,792 WARN  [org.apache.activemq.artemis.core.server] AMQ222107: Cleared up resources for session ef032e8c-d00c-11eb-adc3-ea7cd5cfcb8f
2021-06-18 10:15:36,926 WARN  [org.apache.activemq.artemis.core.server] AMQ222061: Client connection failed, clearing up resources for session 17504272-d00d-11eb-9998-ea7cd5cfcb8f
2021-06-18 10:15:36,927 WARN  [org.apache.activemq.artemis.core.server] AMQ222107: Cleared up resources for session 17504272-d00d-11eb-9998-ea7cd5cfcb8f
2021-06-18 10:15:36,927 WARN  [org.apache.activemq.artemis.core.server] AMQ222061: Client connection failed, clearing up resources for session 1752da83-d00d-11eb-9998-ea7cd5cfcb8f
2021-06-18 10:15:36,928 WARN  [org.apache.activemq.artemis.core.server] AMQ222107: Cleared up resources for session 1752da83-d00d-11eb-9998-ea7cd5cfcb8f
2021-06-18 10:15:46,143 INFO  [io.hawt.web.auth.AuthenticationFilter] Destroying hawtio authentication filter
2021-06-18 10:15:46,146 INFO  [io.hawt.HawtioContextListener] Destroying hawtio services
2021-06-18 10:15:46,154 INFO  [org.apache.activemq.hawtio.plugin.PluginContextListener] Destroyed artemis-plugin plugin
2021-06-18 10:15:46,156 INFO  [org.apache.activemq.hawtio.branding.PluginContextListener] Destroyed activemq-branding plugin
2021-06-18 10:15:46,176 INFO  [org.apache.activemq.artemis.core.server] AMQ221002: Apache ActiveMQ Artemis Message Broker version 2.17.0 [f18cf8d6-cf46-11eb-9aaa-4a966d4a09fc] stopped, uptime 18 hours 13 minutes
2021-06-18 10:17:05,879 INFO  [org.apache.activemq.artemis.integration.bootstrap] AMQ101000: Starting ActiveMQ Artemis Server
2021-06-18 10:17:05,901 INFO  [org.apache.activemq.artemis.core.server] AMQ221000: live Message Broker is starting with configuration Broker Configuration (clustered=false,journalDirectory=data/journal,bindingsDirectory=data/bindings,largeMessagesDirectory=data/large-messages,pagingDirectory=data/paging)
2021-06-18 10:17:05,942 INFO  [org.apache.activemq.artemis.core.server] AMQ221012: Using AIO Journal
2021-06-18 10:17:05,995 INFO  [org.apache.activemq.artemis.core.server] AMQ221057: Global Max Size is being adjusted to 1/2 of the JVM max size (-Xmx). being defined as 1,073,741,824
2021-06-18 10:17:06,022 INFO  [org.apache.activemq.artemis.core.server] AMQ221043: Protocol module found: [artemis-server]. Adding protocol support for: CORE
2021-06-18 10:17:06,023 INFO  [org.apache.activemq.artemis.core.server] AMQ221043: Protocol module found: [artemis-amqp-protocol]. Adding protocol support for: AMQP
2021-06-18 10:17:06,024 INFO  [org.apache.activemq.artemis.core.server] AMQ221043: Protocol module found: [artemis-hornetq-protocol]. Adding protocol support for: HORNETQ
2021-06-18 10:17:06,024 INFO  [org.apache.activemq.artemis.core.server] AMQ221043: Protocol module found: [artemis-mqtt-protocol]. Adding protocol support for: MQTT
2021-06-18 10:17:06,025 INFO  [org.apache.activemq.artemis.core.server] AMQ221043: Protocol module found: [artemis-openwire-protocol]. Adding protocol support for: OPENWIRE
2021-06-18 10:17:06,025 INFO  [org.apache.activemq.artemis.core.server] AMQ221043: Protocol module found: [artemis-stomp-protocol]. Adding protocol support for: STOMP
2021-06-18 10:17:06,071 INFO  [org.apache.activemq.artemis.core.server] AMQ221034: Waiting indefinitely to obtain live lock
2021-06-18 10:17:06,072 INFO  [org.apache.activemq.artemis.core.server] AMQ221035: Live Server Obtained live lock
2021-06-18 10:17:06,792 INFO  [org.apache.activemq.artemis.core.server] AMQ221080: Deploying address DLQ supporting [ANYCAST]
2021-06-18 10:17:06,795 INFO  [org.apache.activemq.artemis.core.server] AMQ221003: Deploying ANYCAST queue DLQ on address DLQ
2021-06-18 10:17:06,801 INFO  [org.apache.activemq.artemis.core.server] AMQ221080: Deploying address ExpiryQueue supporting [ANYCAST]
2021-06-18 10:17:06,801 INFO  [org.apache.activemq.artemis.core.server] AMQ221003: Deploying ANYCAST queue ExpiryQueue on address ExpiryQueue
2021-06-18 10:17:06,801 INFO  [org.apache.activemq.artemis.core.server] AMQ221080: Deploying address tanke.preise supporting [MULTICAST]
2021-06-18 10:17:07,075 INFO  [org.apache.activemq.artemis.core.server] AMQ221020: Started EPOLL Acceptor at 0.0.0.0:61616 for protocols [CORE,MQTT,AMQP,STOMP,HORNETQ,OPENWIRE]
2021-06-18 10:17:07,110 INFO  [org.apache.activemq.artemis.core.server] AMQ221020: Started EPOLL Acceptor at 0.0.0.0:5445 for protocols [HORNETQ,STOMP]
2021-06-18 10:17:07,119 INFO  [org.apache.activemq.artemis.core.server] AMQ221020: Started EPOLL Acceptor at 0.0.0.0:5672 for protocols [AMQP]
2021-06-18 10:17:07,159 INFO  [org.apache.activemq.artemis.core.server] AMQ221020: Started EPOLL Acceptor at 0.0.0.0:1883 for protocols [MQTT]
2021-06-18 10:17:07,164 INFO  [org.apache.activemq.artemis.core.server] AMQ221020: Started EPOLL Acceptor at 0.0.0.0:61613 for protocols [STOMP]
2021-06-18 10:17:07,166 INFO  [org.apache.activemq.artemis.core.server] AMQ221007: Server is now live
2021-06-18 10:17:07,166 INFO  [org.apache.activemq.artemis.core.server] AMQ221001: Apache ActiveMQ Artemis Message Broker version 2.17.0 [0.0.0.0, nodeID=f18cf8d6-cf46-11eb-9aaa-4a966d4a09fc] 
2021-06-18 10:17:07,387 INFO  [org.apache.activemq.hawtio.branding.PluginContextListener] Initialized activemq-branding plugin
2021-06-18 10:17:07,427 INFO  [org.apache.activemq.hawtio.plugin.PluginContextListener] Initialized artemis-plugin plugin
2021-06-18 10:17:07,668 INFO  [io.hawt.HawtioContextListener] Initialising hawtio services
2021-06-18 10:17:07,691 INFO  [io.hawt.system.ConfigManager] Configuration will be discovered via system properties
2021-06-18 10:17:07,694 INFO  [io.hawt.jmx.JmxTreeWatcher] Welcome to Hawtio 2.11.0
2021-06-18 10:17:07,698 INFO  [io.hawt.web.auth.AuthenticationConfiguration] Starting hawtio authentication filter, JAAS realm: "activemq" authorized role(s): "amq" role principal classes: "org.apache.activemq.artemis.spi.core.security.jaas.RolePrincipal"
2021-06-18 10:17:07,714 INFO  [io.hawt.web.proxy.ProxyServlet] Proxy servlet is disabled
2021-06-18 10:17:07,720 INFO  [io.hawt.web.servlets.JolokiaConfiguredAgentServlet] Jolokia overridden property: [key=policyLocation, value=file:/home/andreas/development/predic8_artemis/apache-artemis-2.17.0/../kurs/broker-1/etc/jolokia-access.xml]
2021-06-18 10:17:07,797 INFO  [org.apache.activemq.artemis] AMQ241001: HTTP Server started at http://localhost:8161
2021-06-18 10:17:07,797 INFO  [org.apache.activemq.artemis] AMQ241002: Artemis Jolokia REST API available at http://localhost:8161/console/jolokia
2021-06-18 10:17:07,798 INFO  [org.apache.activemq.artemis] AMQ241004: Artemis Console available at http://localhost:8161/console
2021-06-18 10:17:12,274 INFO  [io.hawt.web.auth.LoginServlet] Hawtio login is using 1800 sec. HttpSession timeout
2021-06-18 10:17:12,818 INFO  [io.hawt.web.auth.keycloak.KeycloakServlet] Keycloak integration is disabled
2021-06-18 10:17:21,831 INFO  [io.hawt.web.auth.LoginServlet] Logging in user: admin
2021-06-18 10:38:44,920 WARN  [org.apache.activemq.artemis.core.server] AMQ222061: Client connection failed, clearing up resources for session 606e1a72-d00e-11eb-a5d0-4a966d4a09fc
2021-06-18 10:38:44,922 WARN  [org.apache.activemq.artemis.core.server] AMQ222107: Cleared up resources for session 606e1a72-d00e-11eb-a5d0-4a966d4a09fc
2021-06-18 10:38:44,922 WARN  [org.apache.activemq.artemis.core.server] AMQ222061: Client connection failed, clearing up resources for session 607100a3-d00e-11eb-a5d0-4a966d4a09fc
2021-06-18 10:38:44,930 WARN  [org.apache.activemq.artemis.core.server] AMQ222107: Cleared up resources for session 607100a3-d00e-11eb-a5d0-4a966d4a09fc
2021-06-18 10:44:37,421 WARN  [org.apache.activemq.artemis.core.server] AMQ222061: Client connection failed, clearing up resources for session ac9b397b-d010-11eb-b12e-4a966d4a09fc
2021-06-18 10:44:37,423 WARN  [org.apache.activemq.artemis.core.server] AMQ222107: Cleared up resources for session ac9b397b-d010-11eb-b12e-4a966d4a09fc
2021-06-18 10:44:37,423 WARN  [org.apache.activemq.artemis.core.server] AMQ222061: Client connection failed, clearing up resources for session ac9dd18c-d010-11eb-b12e-4a966d4a09fc
2021-06-18 10:44:37,425 WARN  [org.apache.activemq.artemis.core.server] AMQ222107: Cleared up resources for session ac9dd18c-d010-11eb-b12e-4a966d4a09fc
2021-06-18 10:46:31,199 WARN  [org.apache.activemq.artemis.core.server] AMQ222149: Message Reference[2148487024]:RELIABLE:CoreMessage[messageID=2148487024,durable=true,userID=f627f23b-d00c-11eb-95a9-024223516252,priority=4, timestamp=Fri Jun 18 10:12:45 CEST 2021,expiration=0, durable=true, address=bestellungen.bonn.pizza,size=272,properties=TypedProperties[__AMQ_CID=f6205118-d00c-11eb-95a9-024223516252,_AMQ_ROUTING_TYPE=1]]@803838760 has reached maximum delivery attempts, sending it to Dead Letter Address DLQ from bestellungen.bonn.pizza
2021-06-18 10:46:31,257 WARN  [org.apache.activemq.artemis.core.server] AMQ222149: Message Reference[2148487050]:RELIABLE:CoreMessage[messageID=2148487050,durable=true,userID=499d7f57-d00e-11eb-a84a-4e31a9c1d607,priority=4, timestamp=Fri Jun 18 10:22:14 CEST 2021,expiration=0, durable=true, address=bestellungen.bonn.pizza,size=272,properties=TypedProperties[__AMQ_CID=49893404-d00e-11eb-a84a-4e31a9c1d607,_AMQ_ROUTING_TYPE=1]]@821707443 has reached maximum delivery attempts, sending it to Dead Letter Address DLQ from bestellungen.bonn.pizza
2021-06-18 10:47:26,903 WARN  [org.apache.activemq.artemis.core.server] AMQ222149: Message Reference[2148487103]:RELIABLE:CoreMessage[messageID=2148487103,durable=true,userID=cedd4099-d011-11eb-9630-4e31a9c1d607,priority=4, timestamp=Fri Jun 18 10:47:26 CEST 2021,expiration=0, durable=true, address=bestellungen.bonn.pizza,size=272,properties=TypedProperties[__AMQ_CID=ced59f76-d011-11eb-9630-4e31a9c1d607,_AMQ_ROUTING_TYPE=1]]@1444059586 has reached maximum delivery attempts, sending it to Dead Letter Address DLQ from bestellungen.bonn.pizza
2021-06-18 10:49:19,473 WARN  [org.apache.activemq.artemis.core.server] AMQ222149: Message Reference[2148487128]:RELIABLE:CoreMessage[messageID=2148487128,durable=true,userID=11f576b8-d012-11eb-b99c-0242b37fbbad,priority=4, timestamp=Fri Jun 18 10:49:19 CEST 2021,expiration=0, durable=true, address=bestellungen.bonn.pizza,size=272,properties=TypedProperties[__AMQ_CID=11edae85-d012-11eb-b99c-0242b37fbbad,_AMQ_ROUTING_TYPE=1]]@1092276129 has reached maximum delivery attempts, sending it to Dead Letter Address DLQ from bestellungen.bonn.pizza
2021-06-18 10:52:41,171 ERROR [org.apache.activemq.artemis.core.server] AMQ224069: Change detected in broker configuration file, but reload failed: org.xml.sax.SAXParseException; lineNumber: 203; columnNumber: 12; The element type "address-setting" must be terminated by the matching end-tag "</address-setting>".
	at java.xml/com.sun.org.apache.xerces.internal.parsers.DOMParser.parse(DOMParser.java:261) [java.xml:]
	at java.xml/com.sun.org.apache.xerces.internal.jaxp.DocumentBuilderImpl.parse(DocumentBuilderImpl.java:339) [java.xml:]
	at org.apache.activemq.artemis.utils.XMLUtil.readerToElement(XMLUtil.java:84) [artemis-core-client-2.17.0.jar:2.17.0]
	at org.apache.activemq.artemis.utils.XMLUtil.streamToElement(XMLUtil.java:57) [artemis-core-client-2.17.0.jar:2.17.0]
	at org.apache.activemq.artemis.core.deployers.impl.FileConfigurationParser.parseMainConfig(FileConfigurationParser.java:326) [artemis-server-2.17.0.jar:2.17.0]
	at org.apache.activemq.artemis.core.server.impl.ActiveMQServerImpl.reloadConfigurationFile(ActiveMQServerImpl.java:4221) [artemis-server-2.17.0.jar:2.17.0]
	at org.apache.activemq.artemis.core.server.impl.ActiveMQServerImpl.lambda$initialisePart1$8(ActiveMQServerImpl.java:3128) [artemis-server-2.17.0.jar:2.17.0]
	at org.apache.activemq.artemis.core.server.reload.ReloadManagerImpl$ReloadRegistry.check(ReloadManagerImpl.java:124) [artemis-server-2.17.0.jar:2.17.0]
	at org.apache.activemq.artemis.core.server.reload.ReloadManagerImpl.tick(ReloadManagerImpl.java:67) [artemis-server-2.17.0.jar:2.17.0]
	at org.apache.activemq.artemis.core.server.reload.ReloadManagerImpl.run(ReloadManagerImpl.java:48) [artemis-server-2.17.0.jar:2.17.0]
	at org.apache.activemq.artemis.core.server.ActiveMQScheduledComponent.runForExecutor(ActiveMQScheduledComponent.java:313) [artemis-commons-2.17.0.jar:2.17.0]
	at org.apache.activemq.artemis.core.server.ActiveMQScheduledComponent.lambda$bookedRunForScheduler$2(ActiveMQScheduledComponent.java:320) [artemis-commons-2.17.0.jar:2.17.0]
	at org.apache.activemq.artemis.utils.actors.OrderedExecutor.doTask(OrderedExecutor.java:42) [artemis-commons-2.17.0.jar:2.17.0]
	at org.apache.activemq.artemis.utils.actors.OrderedExecutor.doTask(OrderedExecutor.java:31) [artemis-commons-2.17.0.jar:2.17.0]
	at org.apache.activemq.artemis.utils.actors.ProcessorBase.executePendingTasks(ProcessorBase.java:65) [artemis-commons-2.17.0.jar:2.17.0]
	at java.base/java.util.concurrent.ThreadPoolExecutor.runWorker(ThreadPoolExecutor.java:1130) [java.base:]
	at java.base/java.util.concurrent.ThreadPoolExecutor$Worker.run(ThreadPoolExecutor.java:630) [java.base:]
	at org.apache.activemq.artemis.utils.ActiveMQThreadFactory$1.run(ActiveMQThreadFactory.java:118) [artemis-commons-2.17.0.jar:2.17.0]

2021-06-18 10:53:41,162 ERROR [org.apache.activemq.artemis.core.server] AMQ224069: Change detected in broker configuration file, but reload failed: org.xml.sax.SAXParseException; lineNumber: 203; columnNumber: 12; The element type "address-setting" must be terminated by the matching end-tag "</address-setting>".
	at java.xml/com.sun.org.apache.xerces.internal.parsers.DOMParser.parse(DOMParser.java:261) [java.xml:]
	at java.xml/com.sun.org.apache.xerces.internal.jaxp.DocumentBuilderImpl.parse(DocumentBuilderImpl.java:339) [java.xml:]
	at org.apache.activemq.artemis.utils.XMLUtil.readerToElement(XMLUtil.java:84) [artemis-core-client-2.17.0.jar:2.17.0]
	at org.apache.activemq.artemis.utils.XMLUtil.streamToElement(XMLUtil.java:57) [artemis-core-client-2.17.0.jar:2.17.0]
	at org.apache.activemq.artemis.core.deployers.impl.FileConfigurationParser.parseMainConfig(FileConfigurationParser.java:326) [artemis-server-2.17.0.jar:2.17.0]
	at org.apache.activemq.artemis.core.server.impl.ActiveMQServerImpl.reloadConfigurationFile(ActiveMQServerImpl.java:4221) [artemis-server-2.17.0.jar:2.17.0]
	at org.apache.activemq.artemis.core.server.impl.ActiveMQServerImpl.lambda$initialisePart1$8(ActiveMQServerImpl.java:3128) [artemis-server-2.17.0.jar:2.17.0]
	at org.apache.activemq.artemis.core.server.reload.ReloadManagerImpl$ReloadRegistry.check(ReloadManagerImpl.java:124) [artemis-server-2.17.0.jar:2.17.0]
	at org.apache.activemq.artemis.core.server.reload.ReloadManagerImpl.tick(ReloadManagerImpl.java:67) [artemis-server-2.17.0.jar:2.17.0]
	at org.apache.activemq.artemis.core.server.reload.ReloadManagerImpl.run(ReloadManagerImpl.java:48) [artemis-server-2.17.0.jar:2.17.0]
	at org.apache.activemq.artemis.core.server.ActiveMQScheduledComponent.runForExecutor(ActiveMQScheduledComponent.java:313) [artemis-commons-2.17.0.jar:2.17.0]
	at org.apache.activemq.artemis.core.server.ActiveMQScheduledComponent.lambda$bookedRunForScheduler$2(ActiveMQScheduledComponent.java:320) [artemis-commons-2.17.0.jar:2.17.0]
	at org.apache.activemq.artemis.utils.actors.OrderedExecutor.doTask(OrderedExecutor.java:42) [artemis-commons-2.17.0.jar:2.17.0]
	at org.apache.activemq.artemis.utils.actors.OrderedExecutor.doTask(OrderedExecutor.java:31) [artemis-commons-2.17.0.jar:2.17.0]
	at org.apache.activemq.artemis.utils.actors.ProcessorBase.executePendingTasks(ProcessorBase.java:65) [artemis-commons-2.17.0.jar:2.17.0]
	at java.base/java.util.concurrent.ThreadPoolExecutor.runWorker(ThreadPoolExecutor.java:1130) [java.base:]
	at java.base/java.util.concurrent.ThreadPoolExecutor$Worker.run(ThreadPoolExecutor.java:630) [java.base:]
	at org.apache.activemq.artemis.utils.ActiveMQThreadFactory$1.run(ActiveMQThreadFactory.java:118) [artemis-commons-2.17.0.jar:2.17.0]

2021-06-18 10:55:01,221 INFO  [org.apache.activemq.artemis.core.server] AMQ221056: Reloading configuration: security
2021-06-18 10:55:01,222 INFO  [org.apache.activemq.artemis.core.server] AMQ221056: Reloading configuration: address settings
2021-06-18 10:55:01,223 INFO  [org.apache.activemq.artemis.core.server] AMQ221056: Reloading configuration: diverts
2021-06-18 10:55:01,227 INFO  [org.apache.activemq.artemis.core.server] AMQ221056: Reloading configuration: addresses
2021-06-18 10:55:01,228 INFO  [org.apache.activemq.artemis.core.server] AMQ221080: Deploying address DLQ supporting [ANYCAST]
2021-06-18 10:55:01,228 INFO  [org.apache.activemq.artemis.core.server] AMQ221003: Deploying ANYCAST queue DLQ on address DLQ
2021-06-18 10:55:01,228 INFO  [org.apache.activemq.artemis.core.server] AMQ221080: Deploying address ExpiryQueue supporting [ANYCAST]
2021-06-18 10:55:01,229 INFO  [org.apache.activemq.artemis.core.server] AMQ221003: Deploying ANYCAST queue ExpiryQueue on address ExpiryQueue
2021-06-18 10:55:01,229 INFO  [org.apache.activemq.artemis.core.server] AMQ221080: Deploying address tanke.preise supporting [MULTICAST]
2021-06-18 10:56:56,375 WARN  [org.apache.activemq.artemis.core.server] AMQ222149: Message Reference[2148487150]:RELIABLE:CoreMessage[messageID=2148487150,durable=true,userID=fb8a5ea8-d012-11eb-833f-0242b37fbbad,priority=4, timestamp=Fri Jun 18 10:55:51 CEST 2021,expiration=0, durable=true, address=bestellungen.bonn.pizza,size=272,properties=TypedProperties[__AMQ_CID=fb829675-d012-11eb-833f-0242b37fbbad,_AMQ_ROUTING_TYPE=1]]@63754865 has reached maximum delivery attempts, sending it to Dead Letter Address DLQ from bestellungen.bonn.pizza
2021-06-18 11:14:46,244 INFO  [org.apache.activemq.artemis.core.server] AMQ221056: Reloading configuration: security
2021-06-18 11:14:46,244 INFO  [org.apache.activemq.artemis.core.server] AMQ221056: Reloading configuration: address settings
2021-06-18 11:14:46,245 INFO  [org.apache.activemq.artemis.core.server] AMQ221056: Reloading configuration: diverts
2021-06-18 11:14:46,245 INFO  [org.apache.activemq.artemis.core.server] AMQ221056: Reloading configuration: addresses
2021-06-18 11:14:46,245 INFO  [org.apache.activemq.artemis.core.server] AMQ221080: Deploying address DLQ supporting [ANYCAST]
2021-06-18 11:14:46,246 INFO  [org.apache.activemq.artemis.core.server] AMQ221003: Deploying ANYCAST queue DLQ on address DLQ
2021-06-18 11:14:46,246 INFO  [org.apache.activemq.artemis.core.server] AMQ221080: Deploying address ExpiryQueue supporting [ANYCAST]
2021-06-18 11:14:46,246 INFO  [org.apache.activemq.artemis.core.server] AMQ221003: Deploying ANYCAST queue ExpiryQueue on address ExpiryQueue
2021-06-18 11:14:46,246 INFO  [org.apache.activemq.artemis.core.server] AMQ221080: Deploying address tanke.preise supporting [MULTICAST]
2021-06-18 11:17:50,989 WARN  [org.apache.activemq.artemis.core.server] AMQ222149: Message Reference[2148487172]:RELIABLE:CoreMessage[messageID=2148487172,durable=true,userID=e75a088e-d015-11eb-b946-ea7cd5cfcb8f,priority=4, timestamp=Fri Jun 18 11:16:45 CEST 2021,expiration=0, durable=true, address=bestellungen.bonn.pizza,size=272,properties=TypedProperties[__AMQ_CID=e752b58b-d015-11eb-b946-ea7cd5cfcb8f,_AMQ_ROUTING_TYPE=1]]@1137648590 has reached maximum delivery attempts, sending it to Dead Letter Address DLQ from bestellungen.bonn.pizza
2021-06-18 11:19:11,951 ERROR [org.apache.activemq.artemis.core.server] AMQ224065: Failed to remove auto-created queue bestellungen.bonn.pizza: ActiveMQShutdownException[errorType=SHUTDOWN_ERROR message=Journal must be in state=LOADED, was [STOPPED]]
	at org.apache.activemq.artemis.core.journal.impl.JournalImpl.checkJournalIsLoaded(JournalImpl.java:1167) [artemis-journal-2.17.0.jar:2.17.0]
	at org.apache.activemq.artemis.core.journal.impl.JournalImpl.appendDeleteRecordTransactional(JournalImpl.java:1240) [artemis-journal-2.17.0.jar:2.17.0]
	at org.apache.activemq.artemis.core.journal.impl.JournalBase.appendDeleteRecordTransactional(JournalBase.java:106) [artemis-journal-2.17.0.jar:2.17.0]
	at org.apache.activemq.artemis.core.journal.impl.JournalImpl.appendDeleteRecordTransactional(JournalImpl.java:92) [artemis-journal-2.17.0.jar:2.17.0]
	at org.apache.activemq.artemis.core.persistence.impl.journal.AbstractJournalStorageManager.deleteQueueBinding(AbstractJournalStorageManager.java:1437) [artemis-server-2.17.0.jar:2.17.0]
	at org.apache.activemq.artemis.core.server.impl.QueueImpl.deleteQueue(QueueImpl.java:2319) [artemis-server-2.17.0.jar:2.17.0]
	at org.apache.activemq.artemis.core.server.impl.ActiveMQServerImpl.destroyQueue(ActiveMQServerImpl.java:2357) [artemis-server-2.17.0.jar:2.17.0]
	at org.apache.activemq.artemis.core.server.impl.QueueManagerImpl.performAutoDeleteQueue(QueueManagerImpl.java:72) [artemis-server-2.17.0.jar:2.17.0]
	at org.apache.activemq.artemis.core.server.impl.QueueManagerImpl.doIt(QueueManagerImpl.java:44) [artemis-server-2.17.0.jar:2.17.0]
	at org.apache.activemq.artemis.utils.actors.OrderedExecutor.doTask(OrderedExecutor.java:42) [artemis-commons-2.17.0.jar:2.17.0]
	at org.apache.activemq.artemis.utils.actors.OrderedExecutor.doTask(OrderedExecutor.java:31) [artemis-commons-2.17.0.jar:2.17.0]
	at org.apache.activemq.artemis.utils.actors.ProcessorBase.executePendingTasks(ProcessorBase.java:65) [artemis-commons-2.17.0.jar:2.17.0]
	at java.base/java.util.concurrent.ThreadPoolExecutor.runWorker(ThreadPoolExecutor.java:1130) [java.base:]
	at java.base/java.util.concurrent.ThreadPoolExecutor$Worker.run(ThreadPoolExecutor.java:630) [java.base:]
	at org.apache.activemq.artemis.utils.ActiveMQThreadFactory$1.run(ActiveMQThreadFactory.java:118) [artemis-commons-2.17.0.jar:2.17.0]

2021-06-18 11:19:12,446 INFO  [io.hawt.web.auth.AuthenticationFilter] Destroying hawtio authentication filter
2021-06-18 11:19:12,447 INFO  [io.hawt.HawtioContextListener] Destroying hawtio services
2021-06-18 11:19:12,456 INFO  [org.apache.activemq.hawtio.plugin.PluginContextListener] Destroyed artemis-plugin plugin
2021-06-18 11:19:12,458 INFO  [org.apache.activemq.hawtio.branding.PluginContextListener] Destroyed activemq-branding plugin
2021-06-18 11:19:12,472 INFO  [org.apache.activemq.artemis.core.server] AMQ221002: Apache ActiveMQ Artemis Message Broker version 2.17.0 [f18cf8d6-cf46-11eb-9aaa-4a966d4a09fc] stopped, uptime 1 hour 2 minutes
2021-06-18 11:19:15,997 INFO  [org.apache.activemq.artemis.integration.bootstrap] AMQ101000: Starting ActiveMQ Artemis Server
2021-06-18 11:19:16,031 INFO  [org.apache.activemq.artemis.core.server] AMQ221000: live Message Broker is starting with configuration Broker Configuration (clustered=false,journalDirectory=data/journal,bindingsDirectory=data/bindings,largeMessagesDirectory=data/large-messages,pagingDirectory=data/paging)
2021-06-18 11:19:16,077 INFO  [org.apache.activemq.artemis.core.server] AMQ221012: Using AIO Journal
2021-06-18 11:19:16,170 INFO  [org.apache.activemq.artemis.core.server] AMQ221057: Global Max Size is being adjusted to 1/2 of the JVM max size (-Xmx). being defined as 1,073,741,824
2021-06-18 11:19:16,197 INFO  [org.apache.activemq.artemis.core.server] AMQ221043: Protocol module found: [artemis-server]. Adding protocol support for: CORE
2021-06-18 11:19:16,198 INFO  [org.apache.activemq.artemis.core.server] AMQ221043: Protocol module found: [artemis-amqp-protocol]. Adding protocol support for: AMQP
2021-06-18 11:19:16,199 INFO  [org.apache.activemq.artemis.core.server] AMQ221043: Protocol module found: [artemis-hornetq-protocol]. Adding protocol support for: HORNETQ
2021-06-18 11:19:16,201 INFO  [org.apache.activemq.artemis.core.server] AMQ221043: Protocol module found: [artemis-mqtt-protocol]. Adding protocol support for: MQTT
2021-06-18 11:19:16,201 INFO  [org.apache.activemq.artemis.core.server] AMQ221043: Protocol module found: [artemis-openwire-protocol]. Adding protocol support for: OPENWIRE
2021-06-18 11:19:16,202 INFO  [org.apache.activemq.artemis.core.server] AMQ221043: Protocol module found: [artemis-stomp-protocol]. Adding protocol support for: STOMP
2021-06-18 11:19:16,265 INFO  [org.apache.activemq.artemis.core.server] AMQ221034: Waiting indefinitely to obtain live lock
2021-06-18 11:19:16,266 INFO  [org.apache.activemq.artemis.core.server] AMQ221035: Live Server Obtained live lock
2021-06-18 11:19:17,226 INFO  [org.apache.activemq.artemis.core.server] AMQ221080: Deploying address DLQ supporting [ANYCAST]
2021-06-18 11:19:17,227 INFO  [org.apache.activemq.artemis.core.server] AMQ221003: Deploying ANYCAST queue DLQ on address DLQ
2021-06-18 11:19:17,235 INFO  [org.apache.activemq.artemis.core.server] AMQ221080: Deploying address ExpiryQueue supporting [ANYCAST]
2021-06-18 11:19:17,235 INFO  [org.apache.activemq.artemis.core.server] AMQ221003: Deploying ANYCAST queue ExpiryQueue on address ExpiryQueue
2021-06-18 11:19:17,236 INFO  [org.apache.activemq.artemis.core.server] AMQ221080: Deploying address tanke.preise supporting [MULTICAST]
2021-06-18 11:19:17,572 INFO  [org.apache.activemq.artemis.core.server] AMQ221020: Started EPOLL Acceptor at 0.0.0.0:61616 for protocols [CORE,MQTT,AMQP,STOMP,HORNETQ,OPENWIRE]
2021-06-18 11:19:17,601 INFO  [org.apache.activemq.artemis.core.server] AMQ221020: Started EPOLL Acceptor at 0.0.0.0:5445 for protocols [HORNETQ,STOMP]
2021-06-18 11:19:17,609 INFO  [org.apache.activemq.artemis.core.server] AMQ221020: Started EPOLL Acceptor at 0.0.0.0:5672 for protocols [AMQP]
2021-06-18 11:19:17,668 INFO  [org.apache.activemq.artemis.core.server] AMQ221020: Started EPOLL Acceptor at 0.0.0.0:1883 for protocols [MQTT]
2021-06-18 11:19:17,675 INFO  [org.apache.activemq.artemis.core.server] AMQ221020: Started EPOLL Acceptor at 0.0.0.0:61613 for protocols [STOMP]
2021-06-18 11:19:17,678 INFO  [org.apache.activemq.artemis.core.server] AMQ221007: Server is now live
2021-06-18 11:19:17,679 INFO  [org.apache.activemq.artemis.core.server] AMQ221001: Apache ActiveMQ Artemis Message Broker version 2.17.0 [0.0.0.0, nodeID=f18cf8d6-cf46-11eb-9aaa-4a966d4a09fc] 
2021-06-18 11:19:18,000 INFO  [org.apache.activemq.hawtio.branding.PluginContextListener] Initialized activemq-branding plugin
2021-06-18 11:19:18,067 INFO  [org.apache.activemq.hawtio.plugin.PluginContextListener] Initialized artemis-plugin plugin
2021-06-18 11:19:18,428 INFO  [io.hawt.HawtioContextListener] Initialising hawtio services
2021-06-18 11:19:18,458 INFO  [io.hawt.system.ConfigManager] Configuration will be discovered via system properties
2021-06-18 11:19:18,461 INFO  [io.hawt.jmx.JmxTreeWatcher] Welcome to Hawtio 2.11.0
2021-06-18 11:19:18,470 INFO  [io.hawt.web.auth.AuthenticationConfiguration] Starting hawtio authentication filter, JAAS realm: "activemq" authorized role(s): "amq" role principal classes: "org.apache.activemq.artemis.spi.core.security.jaas.RolePrincipal"
2021-06-18 11:19:18,503 INFO  [io.hawt.web.proxy.ProxyServlet] Proxy servlet is disabled
2021-06-18 11:19:18,510 INFO  [io.hawt.web.servlets.JolokiaConfiguredAgentServlet] Jolokia overridden property: [key=policyLocation, value=file:/home/andreas/development/predic8_artemis/apache-artemis-2.17.0/../kurs/broker-1/etc/jolokia-access.xml]
2021-06-18 11:19:18,619 INFO  [org.apache.activemq.artemis] AMQ241001: HTTP Server started at http://localhost:8161
2021-06-18 11:19:18,619 INFO  [org.apache.activemq.artemis] AMQ241002: Artemis Jolokia REST API available at http://localhost:8161/console/jolokia
2021-06-18 11:19:18,619 INFO  [org.apache.activemq.artemis] AMQ241004: Artemis Console available at http://localhost:8161/console
2021-06-18 11:19:18,760 INFO  [io.hawt.web.auth.LoginServlet] Hawtio login is using 1800 sec. HttpSession timeout
2021-06-18 11:19:19,405 INFO  [io.hawt.web.auth.keycloak.KeycloakServlet] Keycloak integration is disabled
2021-06-18 11:19:23,262 INFO  [io.hawt.web.auth.LoginServlet] Logging in user: admin
2021-06-18 11:21:11,476 WARN  [org.apache.activemq.artemis.core.server] AMQ222149: Message Reference[2148487210]:RELIABLE:CoreMessage[messageID=2148487210,durable=true,userID=5ed1d602-d016-11eb-871c-0242b37fbbad,priority=4, timestamp=Fri Jun 18 11:20:06 CEST 2021,expiration=0, durable=true, address=bestellungen.bonn.pizza,size=272,properties=TypedProperties[__AMQ_CID=5ec63d3f-d016-11eb-871c-0242b37fbbad,_AMQ_ROUTING_TYPE=1]]@1626779446 has reached maximum delivery attempts, sending it to Dead Letter Address DLQ from bestellungen.bonn.pizza
2021-06-18 11:21:31,364 INFO  [org.apache.activemq.artemis.core.server] AMQ221056: Reloading configuration: security
2021-06-18 11:21:31,364 INFO  [org.apache.activemq.artemis.core.server] AMQ221056: Reloading configuration: address settings
2021-06-18 11:21:31,365 INFO  [org.apache.activemq.artemis.core.server] AMQ221056: Reloading configuration: diverts
2021-06-18 11:21:31,366 INFO  [org.apache.activemq.artemis.core.server] AMQ221056: Reloading configuration: addresses
2021-06-18 11:21:31,367 INFO  [org.apache.activemq.artemis.core.server] AMQ221080: Deploying address DLQ supporting [ANYCAST]
2021-06-18 11:21:31,367 INFO  [org.apache.activemq.artemis.core.server] AMQ221003: Deploying ANYCAST queue DLQ on address DLQ
2021-06-18 11:21:31,367 INFO  [org.apache.activemq.artemis.core.server] AMQ221080: Deploying address ExpiryQueue supporting [ANYCAST]
2021-06-18 11:21:31,368 INFO  [org.apache.activemq.artemis.core.server] AMQ221003: Deploying ANYCAST queue ExpiryQueue on address ExpiryQueue
2021-06-18 11:21:31,368 INFO  [org.apache.activemq.artemis.core.server] AMQ221080: Deploying address tanke.preise supporting [MULTICAST]
2021-06-18 11:21:50,778 WARN  [org.apache.activemq.artemis.core.server] AMQ222149: Message Reference[2148487231]:RELIABLE:CoreMessage[messageID=2148487231,durable=true,userID=9b3ee3f9-d016-11eb-8072-024223516252,priority=4, timestamp=Fri Jun 18 11:21:47 CEST 2021,expiration=0, durable=true, address=bestellungen.bonn.pizza,size=272,properties=TypedProperties[__AMQ_CID=9b3769e6-d016-11eb-8072-024223516252,_AMQ_ROUTING_TYPE=1]]@1234547710 has reached maximum delivery attempts, sending it to Dead Letter Address DLQ from bestellungen.bonn.pizza
2021-06-18 11:26:15,252 WARN  [org.apache.activemq.artemis.core.server] AMQ222061: Client connection failed, clearing up resources for session 586dc9ee-d016-11eb-aae9-4e31a9c1d607
2021-06-18 11:26:15,254 WARN  [org.apache.activemq.artemis.core.server] AMQ222107: Cleared up resources for session 586dc9ee-d016-11eb-aae9-4e31a9c1d607
2021-06-18 11:26:15,254 WARN  [org.apache.activemq.artemis.core.server] AMQ222061: Client connection failed, clearing up resources for session 5875b92f-d016-11eb-aae9-4e31a9c1d607
2021-06-18 11:26:15,257 WARN  [org.apache.activemq.artemis.core.server] AMQ222107: Cleared up resources for session 5875b92f-d016-11eb-aae9-4e31a9c1d607
2021-06-18 11:28:40,247 WARN  [org.apache.activemq.artemis.core.server] AMQ222149: Message Reference[2148487473]:RELIABLE:CoreMessage[messageID=2148487473,durable=true,userID=8f521b1a-d017-11eb-91cb-ea7cd5cfcb8f,priority=4, timestamp=Fri Jun 18 11:28:37 CEST 2021,expiration=0, durable=true, address=bestellungen.bonn.pizza,size=278,properties=TypedProperties[__AMQ_CID=5e30e525-d017-11eb-91cb-ea7cd5cfcb8f,_AMQ_ROUTING_TYPE=1]]@1801125927 has reached maximum delivery attempts, sending it to Dead Letter Address DLQ from bestellungen.bonn.pizza
2021-06-18 11:28:41,249 WARN  [org.apache.activemq.artemis.core.server] AMQ222149: Message Reference[2148487471]:RELIABLE:CoreMessage[messageID=2148487471,durable=true,userID=8eb8e859-d017-11eb-91cb-ea7cd5cfcb8f,priority=4, timestamp=Fri Jun 18 11:28:36 CEST 2021,expiration=0, durable=true, address=bestellungen.bonn.pizza,size=278,properties=TypedProperties[__AMQ_CID=5e30e525-d017-11eb-91cb-ea7cd5cfcb8f,_AMQ_ROUTING_TYPE=1]]@32583806 has reached maximum delivery attempts, sending it to Dead Letter Address DLQ from bestellungen.bonn.pizza
2021-06-18 11:29:09,370 WARN  [org.apache.activemq.artemis.core.server] AMQ222149: Message Reference[2148487554]:RELIABLE:CoreMessage[messageID=2148487554,durable=true,userID=a0ac3eb7-d017-11eb-91cb-ea7cd5cfcb8f,priority=4, timestamp=Fri Jun 18 11:29:06 CEST 2021,expiration=0, durable=true, address=bestellungen.bonn.pizza,size=280,properties=TypedProperties[__AMQ_CID=5e30e525-d017-11eb-91cb-ea7cd5cfcb8f,_AMQ_ROUTING_TYPE=1]]@2015463435 has reached maximum delivery attempts, sending it to Dead Letter Address DLQ from bestellungen.bonn.pizza
2021-06-18 11:29:22,419 WARN  [org.apache.activemq.artemis.core.server] AMQ222149: Message Reference[2148487586]:RELIABLE:CoreMessage[messageID=2148487586,durable=true,userID=a7dc9b93-d017-11eb-91cb-ea7cd5cfcb8f,priority=4, timestamp=Fri Jun 18 11:29:18 CEST 2021,expiration=0, durable=true, address=bestellungen.bonn.pizza,size=280,properties=TypedProperties[__AMQ_CID=5e30e525-d017-11eb-91cb-ea7cd5cfcb8f,_AMQ_ROUTING_TYPE=1]]@1511605204 has reached maximum delivery attempts, sending it to Dead Letter Address DLQ from bestellungen.bonn.pizza
2021-06-18 11:29:29,442 WARN  [org.apache.activemq.artemis.core.server] AMQ222149: Message Reference[2148487609]:RELIABLE:CoreMessage[messageID=2148487609,durable=true,userID=aca56e4b-d017-11eb-91cb-ea7cd5cfcb8f,priority=4, timestamp=Fri Jun 18 11:29:26 CEST 2021,expiration=0, durable=true, address=bestellungen.bonn.pizza,size=280,properties=TypedProperties[__AMQ_CID=5e30e525-d017-11eb-91cb-ea7cd5cfcb8f,_AMQ_ROUTING_TYPE=1]]@1758227627 has reached maximum delivery attempts, sending it to Dead Letter Address DLQ from bestellungen.bonn.pizza
2021-06-18 11:30:32,653 WARN  [org.apache.activemq.artemis.core.server] AMQ222149: Message Reference[2148487760]:RELIABLE:CoreMessage[messageID=2148487760,durable=true,userID=d252d14a-d017-11eb-91cb-ea7cd5cfcb8f,priority=4, timestamp=Fri Jun 18 11:30:29 CEST 2021,expiration=0, durable=true, address=bestellungen.bonn.pizza,size=280,properties=TypedProperties[__AMQ_CID=5e30e525-d017-11eb-91cb-ea7cd5cfcb8f,_AMQ_ROUTING_TYPE=1]]@1140182520 has reached maximum delivery attempts, sending it to Dead Letter Address DLQ from bestellungen.bonn.pizza
2021-06-18 11:30:51,732 WARN  [org.apache.activemq.artemis.core.server] AMQ222149: Message Reference[2148487806]:RELIABLE:CoreMessage[messageID=2148487806,durable=true,userID=dd16670c-d017-11eb-91cb-ea7cd5cfcb8f,priority=4, timestamp=Fri Jun 18 11:30:47 CEST 2021,expiration=0, durable=true, address=bestellungen.bonn.pizza,size=280,properties=TypedProperties[__AMQ_CID=5e30e525-d017-11eb-91cb-ea7cd5cfcb8f,_AMQ_ROUTING_TYPE=1]]@2072465408 has reached maximum delivery attempts, sending it to Dead Letter Address DLQ from bestellungen.bonn.pizza
2021-06-18 11:30:55,744 WARN  [org.apache.activemq.artemis.core.server] AMQ222149: Message Reference[2148487823]:RELIABLE:CoreMessage[messageID=2148487823,durable=true,userID=e01660a1-d017-11eb-91cb-ea7cd5cfcb8f,priority=4, timestamp=Fri Jun 18 11:30:52 CEST 2021,expiration=0, durable=true, address=bestellungen.bonn.pizza,size=280,properties=TypedProperties[__AMQ_CID=5e30e525-d017-11eb-91cb-ea7cd5cfcb8f,_AMQ_ROUTING_TYPE=1]]@1377252561 has reached maximum delivery attempts, sending it to Dead Letter Address DLQ from bestellungen.bonn.pizza
2021-06-18 11:31:44,903 WARN  [org.apache.activemq.artemis.core.server] AMQ222149: Message Reference[2148487947]:RELIABLE:CoreMessage[messageID=2148487947,durable=true,userID=fd637142-d017-11eb-91cb-ea7cd5cfcb8f,priority=4, timestamp=Fri Jun 18 11:31:41 CEST 2021,expiration=0, durable=true, address=bestellungen.bonn.pizza,size=280,properties=TypedProperties[__AMQ_CID=5e30e525-d017-11eb-91cb-ea7cd5cfcb8f,_AMQ_ROUTING_TYPE=1]]@277811368 has reached maximum delivery attempts, sending it to Dead Letter Address DLQ from bestellungen.bonn.pizza
2021-06-18 11:31:54,934 WARN  [org.apache.activemq.artemis.core.server] AMQ222149: Message Reference[2148487974]:RELIABLE:CoreMessage[messageID=2148487974,durable=true,userID=035e344c-d018-11eb-91cb-ea7cd5cfcb8f,priority=4, timestamp=Fri Jun 18 11:31:51 CEST 2021,expiration=0, durable=true, address=bestellungen.bonn.pizza,size=280,properties=TypedProperties[__AMQ_CID=5e30e525-d017-11eb-91cb-ea7cd5cfcb8f,_AMQ_ROUTING_TYPE=1]]@723423843 has reached maximum delivery attempts, sending it to Dead Letter Address DLQ from bestellungen.bonn.pizza
2021-06-18 11:32:31,039 WARN  [org.apache.activemq.artemis.core.server] AMQ222149: Message Reference[2148488064]:RELIABLE:CoreMessage[messageID=2148488064,durable=true,userID=18e38b10-d018-11eb-91cb-ea7cd5cfcb8f,priority=4, timestamp=Fri Jun 18 11:32:28 CEST 2021,expiration=0, durable=true, address=bestellungen.bonn.pizza,size=280,properties=TypedProperties[__AMQ_CID=5e30e525-d017-11eb-91cb-ea7cd5cfcb8f,_AMQ_ROUTING_TYPE=1]]@509966831 has reached maximum delivery attempts, sending it to Dead Letter Address DLQ from bestellungen.bonn.pizza
2021-06-18 11:33:40,257 WARN  [org.apache.activemq.artemis.core.server] AMQ222149: Message Reference[2148488237]:RELIABLE:CoreMessage[messageID=2148488237,durable=true,userID=42255f75-d018-11eb-91cb-ea7cd5cfcb8f,priority=4, timestamp=Fri Jun 18 11:33:37 CEST 2021,expiration=0, durable=true, address=bestellungen.bonn.pizza,size=280,properties=TypedProperties[__AMQ_CID=5e30e525-d017-11eb-91cb-ea7cd5cfcb8f,_AMQ_ROUTING_TYPE=1]]@1136892806 has reached maximum delivery attempts, sending it to Dead Letter Address DLQ from bestellungen.bonn.pizza
2021-06-18 11:33:50,284 WARN  [org.apache.activemq.artemis.core.server] AMQ222149: Message Reference[2148488261]:RELIABLE:CoreMessage[messageID=2148488261,durable=true,userID=481f5f2f-d018-11eb-91cb-ea7cd5cfcb8f,priority=4, timestamp=Fri Jun 18 11:33:47 CEST 2021,expiration=0, durable=true, address=bestellungen.bonn.pizza,size=280,properties=TypedProperties[__AMQ_CID=5e30e525-d017-11eb-91cb-ea7cd5cfcb8f,_AMQ_ROUTING_TYPE=1]]@835105218 has reached maximum delivery attempts, sending it to Dead Letter Address DLQ from bestellungen.bonn.pizza
2021-06-18 11:34:00,309 WARN  [org.apache.activemq.artemis.core.server] AMQ222149: Message Reference[2148488286]:RELIABLE:CoreMessage[messageID=2148488286,durable=true,userID=4e1937d9-d018-11eb-91cb-ea7cd5cfcb8f,priority=4, timestamp=Fri Jun 18 11:33:57 CEST 2021,expiration=0, durable=true, address=bestellungen.bonn.pizza,size=280,properties=TypedProperties[__AMQ_CID=5e30e525-d017-11eb-91cb-ea7cd5cfcb8f,_AMQ_ROUTING_TYPE=1]]@1206138393 has reached maximum delivery attempts, sending it to Dead Letter Address DLQ from bestellungen.bonn.pizza
2021-06-18 11:34:09,333 WARN  [org.apache.activemq.artemis.core.server] AMQ222149: Message Reference[2148488309]:RELIABLE:CoreMessage[messageID=2148488309,durable=true,userID=537a04d2-d018-11eb-91cb-ea7cd5cfcb8f,priority=4, timestamp=Fri Jun 18 11:34:06 CEST 2021,expiration=0, durable=true, address=bestellungen.bonn.pizza,size=280,properties=TypedProperties[__AMQ_CID=5e30e525-d017-11eb-91cb-ea7cd5cfcb8f,_AMQ_ROUTING_TYPE=1]]@432110133 has reached maximum delivery attempts, sending it to Dead Letter Address DLQ from bestellungen.bonn.pizza
2021-06-18 11:34:16,351 WARN  [org.apache.activemq.artemis.core.server] AMQ222149: Message Reference[2148488329]:RELIABLE:CoreMessage[messageID=2148488329,durable=true,userID=57a8e179-d018-11eb-91cb-ea7cd5cfcb8f,priority=4, timestamp=Fri Jun 18 11:34:13 CEST 2021,expiration=0, durable=true, address=bestellungen.bonn.pizza,size=280,properties=TypedProperties[__AMQ_CID=5e30e525-d017-11eb-91cb-ea7cd5cfcb8f,_AMQ_ROUTING_TYPE=1]]@2049725529 has reached maximum delivery attempts, sending it to Dead Letter Address DLQ from bestellungen.bonn.pizza
2021-06-18 11:34:33,400 WARN  [org.apache.activemq.artemis.core.server] AMQ222149: Message Reference[2148488366]:RELIABLE:CoreMessage[messageID=2148488366,durable=true,userID=60070ff7-d018-11eb-91cb-ea7cd5cfcb8f,priority=4, timestamp=Fri Jun 18 11:34:27 CEST 2021,expiration=0, durable=true, address=bestellungen.bonn.pizza,size=280,properties=TypedProperties[__AMQ_CID=5e30e525-d017-11eb-91cb-ea7cd5cfcb8f,_AMQ_ROUTING_TYPE=1]]@1745336485 has reached maximum delivery attempts, sending it to Dead Letter Address DLQ from bestellungen.bonn.pizza
2021-06-18 11:34:39,415 WARN  [org.apache.activemq.artemis.core.server] AMQ222149: Message Reference[2148488394]:RELIABLE:CoreMessage[messageID=2148488394,durable=true,userID=6567dcf0-d018-11eb-91cb-ea7cd5cfcb8f,priority=4, timestamp=Fri Jun 18 11:34:36 CEST 2021,expiration=0, durable=true, address=bestellungen.bonn.pizza,size=280,properties=TypedProperties[__AMQ_CID=5e30e525-d017-11eb-91cb-ea7cd5cfcb8f,_AMQ_ROUTING_TYPE=1]]@818289267 has reached maximum delivery attempts, sending it to Dead Letter Address DLQ from bestellungen.bonn.pizza
2021-06-18 11:34:44,429 WARN  [org.apache.activemq.artemis.core.server] AMQ222149: Message Reference[2148488409]:RELIABLE:CoreMessage[messageID=2148488409,durable=true,userID=68651765-d018-11eb-91cb-ea7cd5cfcb8f,priority=4, timestamp=Fri Jun 18 11:34:41 CEST 2021,expiration=0, durable=true, address=bestellungen.bonn.pizza,size=280,properties=TypedProperties[__AMQ_CID=5e30e525-d017-11eb-91cb-ea7cd5cfcb8f,_AMQ_ROUTING_TYPE=1]]@1005817210 has reached maximum delivery attempts, sending it to Dead Letter Address DLQ from bestellungen.bonn.pizza
2021-06-18 11:35:42,582 WARN  [org.apache.activemq.artemis.core.server] AMQ222149: Message Reference[2148488553]:RELIABLE:CoreMessage[messageID=2148488553,durable=true,userID=89db605d-d018-11eb-91cb-ea7cd5cfcb8f,priority=4, timestamp=Fri Jun 18 11:35:37 CEST 2021,expiration=0, durable=true, address=bestellungen.bonn.pizza,size=280,properties=TypedProperties[__AMQ_CID=5e30e525-d017-11eb-91cb-ea7cd5cfcb8f,_AMQ_ROUTING_TYPE=1]]@619691220 has reached maximum delivery attempts, sending it to Dead Letter Address DLQ from bestellungen.bonn.pizza
2021-06-18 11:36:25,681 WARN  [org.apache.activemq.artemis.core.server] AMQ222149: Message Reference[2148488664]:RELIABLE:CoreMessage[messageID=2148488664,durable=true,userID=a4bf603a-d018-11eb-91cb-ea7cd5cfcb8f,priority=4, timestamp=Fri Jun 18 11:36:22 CEST 2021,expiration=0, durable=true, address=bestellungen.bonn.pizza,size=280,properties=TypedProperties[__AMQ_CID=5e30e525-d017-11eb-91cb-ea7cd5cfcb8f,_AMQ_ROUTING_TYPE=1]]@1679905554 has reached maximum delivery attempts, sending it to Dead Letter Address DLQ from bestellungen.bonn.pizza
2021-06-18 11:36:58,767 WARN  [org.apache.activemq.artemis.core.server] AMQ222149: Message Reference[2148488745]:RELIABLE:CoreMessage[messageID=2148488745,durable=true,userID=b877981b-d018-11eb-91cb-ea7cd5cfcb8f,priority=4, timestamp=Fri Jun 18 11:36:55 CEST 2021,expiration=0, durable=true, address=bestellungen.bonn.pizza,size=280,properties=TypedProperties[__AMQ_CID=5e30e525-d017-11eb-91cb-ea7cd5cfcb8f,_AMQ_ROUTING_TYPE=1]]@364706026 has reached maximum delivery attempts, sending it to Dead Letter Address DLQ from bestellungen.bonn.pizza
2021-06-18 11:37:57,939 WARN  [org.apache.activemq.artemis.core.server] AMQ222149: Message Reference[2148488888]:RELIABLE:CoreMessage[messageID=2148488888,durable=true,userID=db23a1f5-d018-11eb-91cb-ea7cd5cfcb8f,priority=4, timestamp=Fri Jun 18 11:37:53 CEST 2021,expiration=0, durable=true, address=bestellungen.bonn.pizza,size=280,properties=TypedProperties[__AMQ_CID=5e30e525-d017-11eb-91cb-ea7cd5cfcb8f,_AMQ_ROUTING_TYPE=1]]@839069562 has reached maximum delivery attempts, sending it to Dead Letter Address DLQ from bestellungen.bonn.pizza
2021-06-18 11:38:17,984 WARN  [org.apache.activemq.artemis.core.server] AMQ222149: Message Reference[2148488937]:RELIABLE:CoreMessage[messageID=2148488937,durable=true,userID=e7af749a-d018-11eb-91cb-ea7cd5cfcb8f,priority=4, timestamp=Fri Jun 18 11:38:14 CEST 2021,expiration=0, durable=true, address=bestellungen.bonn.pizza,size=280,properties=TypedProperties[__AMQ_CID=5e30e525-d017-11eb-91cb-ea7cd5cfcb8f,_AMQ_ROUTING_TYPE=1]]@1574745946 has reached maximum delivery attempts, sending it to Dead Letter Address DLQ from bestellungen.bonn.pizza
2021-06-18 11:38:59,087 WARN  [org.apache.activemq.artemis.core.server] AMQ222149: Message Reference[2148489036]:RELIABLE:CoreMessage[messageID=2148489036,durable=true,userID=002ed183-d019-11eb-91cb-ea7cd5cfcb8f,priority=4, timestamp=Fri Jun 18 11:38:56 CEST 2021,expiration=0, durable=true, address=bestellungen.bonn.pizza,size=280,properties=TypedProperties[__AMQ_CID=5e30e525-d017-11eb-91cb-ea7cd5cfcb8f,_AMQ_ROUTING_TYPE=1]]@1350405828 has reached maximum delivery attempts, sending it to Dead Letter Address DLQ from bestellungen.bonn.pizza
2021-06-18 11:39:02,096 WARN  [org.apache.activemq.artemis.core.server] AMQ222149: Message Reference[2148489045]:RELIABLE:CoreMessage[messageID=2148489045,durable=true,userID=01f9cd86-d019-11eb-91cb-ea7cd5cfcb8f,priority=4, timestamp=Fri Jun 18 11:38:59 CEST 2021,expiration=0, durable=true, address=bestellungen.bonn.pizza,size=280,properties=TypedProperties[__AMQ_CID=5e30e525-d017-11eb-91cb-ea7cd5cfcb8f,_AMQ_ROUTING_TYPE=1]]@1125750607 has reached maximum delivery attempts, sending it to Dead Letter Address DLQ from bestellungen.bonn.pizza
2021-06-18 11:39:33,166 WARN  [org.apache.activemq.artemis.core.server] AMQ222149: Message Reference[2148489119]:RELIABLE:CoreMessage[messageID=2148489119,durable=true,userID=13e64614-d019-11eb-91cb-ea7cd5cfcb8f,priority=4, timestamp=Fri Jun 18 11:39:29 CEST 2021,expiration=0, durable=true, address=bestellungen.bonn.pizza,size=280,properties=TypedProperties[__AMQ_CID=5e30e525-d017-11eb-91cb-ea7cd5cfcb8f,_AMQ_ROUTING_TYPE=1]]@2136496167 has reached maximum delivery attempts, sending it to Dead Letter Address DLQ from bestellungen.bonn.pizza
2021-06-18 11:39:53,239 WARN  [org.apache.activemq.artemis.core.server] AMQ222149: Message Reference[2148489170]:RELIABLE:CoreMessage[messageID=2148489170,durable=true,userID=1f404f77-d019-11eb-91cb-ea7cd5cfcb8f,priority=4, timestamp=Fri Jun 18 11:39:48 CEST 2021,expiration=0, durable=true, address=bestellungen.bonn.pizza,size=280,properties=TypedProperties[__AMQ_CID=5e30e525-d017-11eb-91cb-ea7cd5cfcb8f,_AMQ_ROUTING_TYPE=1]]@1733182729 has reached maximum delivery attempts, sending it to Dead Letter Address DLQ from bestellungen.bonn.pizza
2021-06-18 11:40:24,328 WARN  [org.apache.activemq.artemis.core.server] AMQ222149: Message Reference[2148489254]:RELIABLE:CoreMessage[messageID=2148489254,durable=true,userID=32fdb678-d019-11eb-91cb-ea7cd5cfcb8f,priority=4, timestamp=Fri Jun 18 11:40:21 CEST 2021,expiration=0, durable=true, address=bestellungen.bonn.pizza,size=280,properties=TypedProperties[__AMQ_CID=5e30e525-d017-11eb-91cb-ea7cd5cfcb8f,_AMQ_ROUTING_TYPE=1]]@768263923 has reached maximum delivery attempts, sending it to Dead Letter Address DLQ from bestellungen.bonn.pizza
2021-06-18 11:40:49,386 WARN  [org.apache.activemq.artemis.core.server] AMQ222149: Message Reference[2148489318]:RELIABLE:CoreMessage[messageID=2148489318,durable=true,userID=41ed69c1-d019-11eb-91cb-ea7cd5cfcb8f,priority=4, timestamp=Fri Jun 18 11:40:46 CEST 2021,expiration=0, durable=true, address=bestellungen.bonn.pizza,size=280,properties=TypedProperties[__AMQ_CID=5e30e525-d017-11eb-91cb-ea7cd5cfcb8f,_AMQ_ROUTING_TYPE=1]]@1029668085 has reached maximum delivery attempts, sending it to Dead Letter Address DLQ from bestellungen.bonn.pizza
2021-06-18 11:41:24,480 WARN  [org.apache.activemq.artemis.core.server] AMQ222149: Message Reference[2148489403]:RELIABLE:CoreMessage[messageID=2148489403,durable=true,userID=56d85544-d019-11eb-91cb-ea7cd5cfcb8f,priority=4, timestamp=Fri Jun 18 11:41:21 CEST 2021,expiration=0, durable=true, address=bestellungen.bonn.pizza,size=280,properties=TypedProperties[__AMQ_CID=5e30e525-d017-11eb-91cb-ea7cd5cfcb8f,_AMQ_ROUTING_TYPE=1]]@1734069777 has reached maximum delivery attempts, sending it to Dead Letter Address DLQ from bestellungen.bonn.pizza
2021-06-18 11:41:46,559 WARN  [org.apache.activemq.artemis.core.server] AMQ222149: Message Reference[2148489466]:RELIABLE:CoreMessage[messageID=2148489466,durable=true,userID=64012b3a-d019-11eb-91cb-ea7cd5cfcb8f,priority=4, timestamp=Fri Jun 18 11:41:43 CEST 2021,expiration=0, durable=true, address=bestellungen.bonn.pizza,size=280,properties=TypedProperties[__AMQ_CID=5e30e525-d017-11eb-91cb-ea7cd5cfcb8f,_AMQ_ROUTING_TYPE=1]]@1800613106 has reached maximum delivery attempts, sending it to Dead Letter Address DLQ from bestellungen.bonn.pizza
2021-06-18 11:42:11,672 WARN  [org.apache.activemq.artemis.core.server] AMQ222149: Message Reference[2148489526]:RELIABLE:CoreMessage[messageID=2148489526,durable=true,userID=72f96a03-d019-11eb-91cb-ea7cd5cfcb8f,priority=4, timestamp=Fri Jun 18 11:42:08 CEST 2021,expiration=0, durable=true, address=bestellungen.bonn.pizza,size=280,properties=TypedProperties[__AMQ_CID=5e30e525-d017-11eb-91cb-ea7cd5cfcb8f,_AMQ_ROUTING_TYPE=1]]@29991709 has reached maximum delivery attempts, sending it to Dead Letter Address DLQ from bestellungen.bonn.pizza
2021-06-18 11:43:08,849 WARN  [org.apache.activemq.artemis.core.server] AMQ222149: Message Reference[2148489657]:RELIABLE:CoreMessage[messageID=2148489657,durable=true,userID=950deecc-d019-11eb-91cb-ea7cd5cfcb8f,priority=4, timestamp=Fri Jun 18 11:43:05 CEST 2021,expiration=0, durable=true, address=bestellungen.bonn.pizza,size=280,properties=TypedProperties[__AMQ_CID=5e30e525-d017-11eb-91cb-ea7cd5cfcb8f,_AMQ_ROUTING_TYPE=1]]@841007419 has reached maximum delivery attempts, sending it to Dead Letter Address DLQ from bestellungen.bonn.pizza
2021-06-18 11:43:23,890 WARN  [org.apache.activemq.artemis.core.server] AMQ222149: Message Reference[2148489692]:RELIABLE:CoreMessage[messageID=2148489692,durable=true,userID=9e0528fb-d019-11eb-91cb-ea7cd5cfcb8f,priority=4, timestamp=Fri Jun 18 11:43:20 CEST 2021,expiration=0, durable=true, address=bestellungen.bonn.pizza,size=280,properties=TypedProperties[__AMQ_CID=5e30e525-d017-11eb-91cb-ea7cd5cfcb8f,_AMQ_ROUTING_TYPE=1]]@962185325 has reached maximum delivery attempts, sending it to Dead Letter Address DLQ from bestellungen.bonn.pizza
2021-06-18 11:43:48,996 WARN  [org.apache.activemq.artemis.core.server] AMQ222149: Message Reference[2148489753]:RELIABLE:CoreMessage[messageID=2148489753,durable=true,userID=acfbe124-d019-11eb-91cb-ea7cd5cfcb8f,priority=4, timestamp=Fri Jun 18 11:43:45 CEST 2021,expiration=0, durable=true, address=bestellungen.bonn.pizza,size=280,properties=TypedProperties[__AMQ_CID=5e30e525-d017-11eb-91cb-ea7cd5cfcb8f,_AMQ_ROUTING_TYPE=1]]@545768597 has reached maximum delivery attempts, sending it to Dead Letter Address DLQ from bestellungen.bonn.pizza
2021-06-18 11:44:19,101 WARN  [org.apache.activemq.artemis.core.server] AMQ222149: Message Reference[2148489826]:RELIABLE:CoreMessage[messageID=2148489826,durable=true,userID=beed13a2-d019-11eb-91cb-ea7cd5cfcb8f,priority=4, timestamp=Fri Jun 18 11:44:16 CEST 2021,expiration=0, durable=true, address=bestellungen.bonn.pizza,size=282,properties=TypedProperties[__AMQ_CID=5e30e525-d017-11eb-91cb-ea7cd5cfcb8f,_AMQ_ROUTING_TYPE=1]]@1813666515 has reached maximum delivery attempts, sending it to Dead Letter Address DLQ from bestellungen.bonn.pizza
2021-06-18 11:44:41,185 WARN  [org.apache.activemq.artemis.core.server] AMQ222149: Message Reference[2148489879]:RELIABLE:CoreMessage[messageID=2148489879,durable=true,userID=ca4bff05-d019-11eb-91cb-ea7cd5cfcb8f,priority=4, timestamp=Fri Jun 18 11:44:35 CEST 2021,expiration=0, durable=true, address=bestellungen.bonn.pizza,size=282,properties=TypedProperties[__AMQ_CID=5e30e525-d017-11eb-91cb-ea7cd5cfcb8f,_AMQ_ROUTING_TYPE=1]]@59894067 has reached maximum delivery attempts, sending it to Dead Letter Address DLQ from bestellungen.bonn.pizza
2021-06-18 11:45:47,384 WARN  [org.apache.activemq.artemis.core.server] AMQ222149: Message Reference[2148490052]:RELIABLE:CoreMessage[messageID=2148490052,durable=true,userID=f38c9aea-d019-11eb-91cb-ea7cd5cfcb8f,priority=4, timestamp=Fri Jun 18 11:45:44 CEST 2021,expiration=0, durable=true, address=bestellungen.bonn.pizza,size=282,properties=TypedProperties[__AMQ_CID=5e30e525-d017-11eb-91cb-ea7cd5cfcb8f,_AMQ_ROUTING_TYPE=1]]@1723878357 has reached maximum delivery attempts, sending it to Dead Letter Address DLQ from bestellungen.bonn.pizza
2021-06-18 11:46:20,512 WARN  [org.apache.activemq.artemis.core.server] AMQ222149: Message Reference[2148490135]:RELIABLE:CoreMessage[messageID=2148490135,durable=true,userID=074b627b-d01a-11eb-91cb-ea7cd5cfcb8f,priority=4, timestamp=Fri Jun 18 11:46:17 CEST 2021,expiration=0, durable=true, address=bestellungen.bonn.pizza,size=282,properties=TypedProperties[__AMQ_CID=5e30e525-d017-11eb-91cb-ea7cd5cfcb8f,_AMQ_ROUTING_TYPE=1]]@2049963796 has reached maximum delivery attempts, sending it to Dead Letter Address DLQ from bestellungen.bonn.pizza
2021-06-18 11:46:30,551 WARN  [org.apache.activemq.artemis.core.server] AMQ222149: Message Reference[2148490166]:RELIABLE:CoreMessage[messageID=2148490166,durable=true,userID=0d4736f5-d01a-11eb-91cb-ea7cd5cfcb8f,priority=4, timestamp=Fri Jun 18 11:46:27 CEST 2021,expiration=0, durable=true, address=bestellungen.bonn.pizza,size=282,properties=TypedProperties[__AMQ_CID=5e30e525-d017-11eb-91cb-ea7cd5cfcb8f,_AMQ_ROUTING_TYPE=1]]@1223154110 has reached maximum delivery attempts, sending it to Dead Letter Address DLQ from bestellungen.bonn.pizza
2021-06-18 11:46:31,555 WARN  [org.apache.activemq.artemis.core.server] AMQ222149: Message Reference[2148490169]:RELIABLE:CoreMessage[messageID=2148490169,durable=true,userID=0de01b96-d01a-11eb-91cb-ea7cd5cfcb8f,priority=4, timestamp=Fri Jun 18 11:46:28 CEST 2021,expiration=0, durable=true, address=bestellungen.bonn.pizza,size=282,properties=TypedProperties[__AMQ_CID=5e30e525-d017-11eb-91cb-ea7cd5cfcb8f,_AMQ_ROUTING_TYPE=1]]@1660933077 has reached maximum delivery attempts, sending it to Dead Letter Address DLQ from bestellungen.bonn.pizza
2021-06-18 11:46:32,556 WARN  [org.apache.activemq.artemis.core.server] AMQ222149: Message Reference[2148490172]:RELIABLE:CoreMessage[messageID=2148490172,durable=true,userID=0e792747-d01a-11eb-91cb-ea7cd5cfcb8f,priority=4, timestamp=Fri Jun 18 11:46:29 CEST 2021,expiration=0, durable=true, address=bestellungen.bonn.pizza,size=282,properties=TypedProperties[__AMQ_CID=5e30e525-d017-11eb-91cb-ea7cd5cfcb8f,_AMQ_ROUTING_TYPE=1]]@670908910 has reached maximum delivery attempts, sending it to Dead Letter Address DLQ from bestellungen.bonn.pizza
2021-06-18 11:48:00,741 WARN  [org.apache.activemq.artemis.core.server] AMQ222149: Message Reference[2148490393]:RELIABLE:CoreMessage[messageID=2148490393,durable=true,userID=43091e2f-d01a-11eb-91cb-ea7cd5cfcb8f,priority=4, timestamp=Fri Jun 18 11:47:57 CEST 2021,expiration=0, durable=true, address=bestellungen.bonn.pizza,size=282,properties=TypedProperties[__AMQ_CID=5e30e525-d017-11eb-91cb-ea7cd5cfcb8f,_AMQ_ROUTING_TYPE=1]]@787351769 has reached maximum delivery attempts, sending it to Dead Letter Address DLQ from bestellungen.bonn.pizza
2021-06-18 11:48:27,790 WARN  [org.apache.activemq.artemis.core.server] AMQ222149: Message Reference[2148490463]:RELIABLE:CoreMessage[messageID=2148490463,durable=true,userID=53289eea-d01a-11eb-91cb-ea7cd5cfcb8f,priority=4, timestamp=Fri Jun 18 11:48:24 CEST 2021,expiration=0, durable=true, address=bestellungen.bonn.pizza,size=282,properties=TypedProperties[__AMQ_CID=5e30e525-d017-11eb-91cb-ea7cd5cfcb8f,_AMQ_ROUTING_TYPE=1]]@1676241061 has reached maximum delivery attempts, sending it to Dead Letter Address DLQ from bestellungen.bonn.pizza
2021-06-18 11:48:58,856 WARN  [org.apache.activemq.artemis.core.server] AMQ222149: Message Reference[2148490534]:RELIABLE:CoreMessage[messageID=2148490534,durable=true,userID=63e1c696-d01a-11eb-91cb-ea7cd5cfcb8f,priority=4, timestamp=Fri Jun 18 11:48:52 CEST 2021,expiration=0, durable=true, address=bestellungen.bonn.pizza,size=282,properties=TypedProperties[__AMQ_CID=5e30e525-d017-11eb-91cb-ea7cd5cfcb8f,_AMQ_ROUTING_TYPE=1]]@2092451804 has reached maximum delivery attempts, sending it to Dead Letter Address DLQ from bestellungen.bonn.pizza
2021-06-18 11:49:20,904 WARN  [org.apache.activemq.artemis.core.server] AMQ222149: Message Reference[2148490598]:RELIABLE:CoreMessage[messageID=2148490598,durable=true,userID=72d104af-d01a-11eb-91cb-ea7cd5cfcb8f,priority=4, timestamp=Fri Jun 18 11:49:17 CEST 2021,expiration=0, durable=true, address=bestellungen.bonn.pizza,size=282,properties=TypedProperties[__AMQ_CID=5e30e525-d017-11eb-91cb-ea7cd5cfcb8f,_AMQ_ROUTING_TYPE=1]]@1255421505 has reached maximum delivery attempts, sending it to Dead Letter Address DLQ from bestellungen.bonn.pizza
2021-06-18 11:49:22,910 WARN  [org.apache.activemq.artemis.core.server] AMQ222149: Message Reference[2148490603]:RELIABLE:CoreMessage[messageID=2148490603,durable=true,userID=7402f501-d01a-11eb-91cb-ea7cd5cfcb8f,priority=4, timestamp=Fri Jun 18 11:49:19 CEST 2021,expiration=0, durable=true, address=bestellungen.bonn.pizza,size=282,properties=TypedProperties[__AMQ_CID=5e30e525-d017-11eb-91cb-ea7cd5cfcb8f,_AMQ_ROUTING_TYPE=1]]@264057062 has reached maximum delivery attempts, sending it to Dead Letter Address DLQ from bestellungen.bonn.pizza
2021-06-18 11:49:30,923 WARN  [org.apache.activemq.artemis.core.server] AMQ222149: Message Reference[2148490631]:RELIABLE:CoreMessage[messageID=2148490631,durable=true,userID=78c9f2f9-d01a-11eb-91cb-ea7cd5cfcb8f,priority=4, timestamp=Fri Jun 18 11:49:27 CEST 2021,expiration=0, durable=true, address=bestellungen.bonn.pizza,size=282,properties=TypedProperties[__AMQ_CID=5e30e525-d017-11eb-91cb-ea7cd5cfcb8f,_AMQ_ROUTING_TYPE=1]]@727151556 has reached maximum delivery attempts, sending it to Dead Letter Address DLQ from bestellungen.bonn.pizza
2021-06-18 11:50:09,052 WARN  [org.apache.activemq.artemis.core.server] AMQ222149: Message Reference[2148490725]:RELIABLE:CoreMessage[messageID=2148490725,durable=true,userID=8f83ab0f-d01a-11eb-91cb-ea7cd5cfcb8f,priority=4, timestamp=Fri Jun 18 11:50:06 CEST 2021,expiration=0, durable=true, address=bestellungen.bonn.pizza,size=282,properties=TypedProperties[__AMQ_CID=5e30e525-d017-11eb-91cb-ea7cd5cfcb8f,_AMQ_ROUTING_TYPE=1]]@136719123 has reached maximum delivery attempts, sending it to Dead Letter Address DLQ from bestellungen.bonn.pizza
2021-06-18 11:50:58,198 WARN  [org.apache.activemq.artemis.core.server] AMQ222149: Message Reference[2148490844]:RELIABLE:CoreMessage[messageID=2148490844,durable=true,userID=ac34559f-d01a-11eb-91cb-ea7cd5cfcb8f,priority=4, timestamp=Fri Jun 18 11:50:54 CEST 2021,expiration=0, durable=true, address=bestellungen.bonn.pizza,size=282,properties=TypedProperties[__AMQ_CID=5e30e525-d017-11eb-91cb-ea7cd5cfcb8f,_AMQ_ROUTING_TYPE=1]]@193674784 has reached maximum delivery attempts, sending it to Dead Letter Address DLQ from bestellungen.bonn.pizza
2021-06-18 11:51:08,221 WARN  [org.apache.activemq.artemis.core.server] AMQ222149: Message Reference[2148490867]:RELIABLE:CoreMessage[messageID=2148490867,durable=true,userID=b1965b18-d01a-11eb-91cb-ea7cd5cfcb8f,priority=4, timestamp=Fri Jun 18 11:51:03 CEST 2021,expiration=0, durable=true, address=bestellungen.bonn.pizza,size=282,properties=TypedProperties[__AMQ_CID=5e30e525-d017-11eb-91cb-ea7cd5cfcb8f,_AMQ_ROUTING_TYPE=1]]@1975724517 has reached maximum delivery attempts, sending it to Dead Letter Address DLQ from bestellungen.bonn.pizza
2021-06-18 11:52:04,340 WARN  [org.apache.activemq.artemis.core.server] AMQ222149: Message Reference[2148491009]:RELIABLE:CoreMessage[messageID=2148491009,durable=true,userID=d43b6012-d01a-11eb-91cb-ea7cd5cfcb8f,priority=4, timestamp=Fri Jun 18 11:52:01 CEST 2021,expiration=0, durable=true, address=bestellungen.bonn.pizza,size=282,properties=TypedProperties[__AMQ_CID=5e30e525-d017-11eb-91cb-ea7cd5cfcb8f,_AMQ_ROUTING_TYPE=1]]@490726390 has reached maximum delivery attempts, sending it to Dead Letter Address DLQ from bestellungen.bonn.pizza
2021-06-18 11:53:04,470 WARN  [org.apache.activemq.artemis.core.server] AMQ222149: Message Reference[2148491154]:RELIABLE:CoreMessage[messageID=2148491154,durable=true,userID=f812a27e-d01a-11eb-91cb-ea7cd5cfcb8f,priority=4, timestamp=Fri Jun 18 11:53:01 CEST 2021,expiration=0, durable=true, address=bestellungen.bonn.pizza,size=282,properties=TypedProperties[__AMQ_CID=5e30e525-d017-11eb-91cb-ea7cd5cfcb8f,_AMQ_ROUTING_TYPE=1]]@1919551268 has reached maximum delivery attempts, sending it to Dead Letter Address DLQ from bestellungen.bonn.pizza
2021-06-18 11:53:15,968 WARN  [org.apache.activemq.artemis.core.server] AMQ222061: Client connection failed, clearing up resources for session 495cb6dc-d017-11eb-a0ae-0242b37fbbad
2021-06-18 11:53:15,969 WARN  [org.apache.activemq.artemis.core.server] AMQ222107: Cleared up resources for session 495cb6dc-d017-11eb-a0ae-0242b37fbbad
2021-06-18 11:53:15,969 WARN  [org.apache.activemq.artemis.core.server] AMQ222061: Client connection failed, clearing up resources for session 496171cd-d017-11eb-a0ae-0242b37fbbad
2021-06-18 11:53:15,971 WARN  [org.apache.activemq.artemis.core.server] AMQ222107: Cleared up resources for session 496171cd-d017-11eb-a0ae-0242b37fbbad
2021-06-18 11:53:18,572 WARN  [org.apache.activemq.artemis.core.server] AMQ222061: Client connection failed, clearing up resources for session 5e30e526-d017-11eb-91cb-ea7cd5cfcb8f
2021-06-18 11:53:18,573 WARN  [org.apache.activemq.artemis.core.server] AMQ222107: Cleared up resources for session 5e30e526-d017-11eb-91cb-ea7cd5cfcb8f
2021-06-18 11:53:18,573 WARN  [org.apache.activemq.artemis.core.server] AMQ222061: Client connection failed, clearing up resources for session 5e330807-d017-11eb-91cb-ea7cd5cfcb8f
2021-06-18 11:53:18,573 WARN  [org.apache.activemq.artemis.core.server] AMQ222107: Cleared up resources for session 5e330807-d017-11eb-91cb-ea7cd5cfcb8f
2021-06-18 11:57:01,493 WARN  [org.apache.activemq.artemis.core.client] AMQ212037: Connection failure to /127.0.0.1:43660 has been detected: readAddress(..) failed: Connection reset by peer [code=GENERIC_EXCEPTION]
2021-06-18 11:57:01,494 WARN  [org.apache.activemq.artemis.core.server] AMQ222061: Client connection failed, clearing up resources for session 6f0a432d-d01b-11eb-9a3c-4a966d4a09fc
2021-06-18 11:57:01,494 WARN  [org.apache.activemq.artemis.core.server] AMQ222107: Cleared up resources for session 6f0a432d-d01b-11eb-9a3c-4a966d4a09fc
2021-06-18 11:57:01,494 WARN  [org.apache.activemq.artemis.core.server] AMQ222061: Client connection failed, clearing up resources for session 6f0c8d1e-d01b-11eb-9a3c-4a966d4a09fc
2021-06-18 11:57:01,495 WARN  [org.apache.activemq.artemis.core.server] AMQ222107: Cleared up resources for session 6f0c8d1e-d01b-11eb-9a3c-4a966d4a09fc
2021-06-18 12:00:08,832 WARN  [org.apache.activemq.artemis.core.server] AMQ222038: Starting paging on address 'bestellungen.neu'; size is currently: 1,073,656,278 bytes; max-size-bytes: -1; global-size-bytes: 1,073,741,873
2021-06-18 12:14:28,542 WARN  [org.apache.activemq.artemis.core.server] AMQ222061: Client connection failed, clearing up resources for session 13971758-d01d-11eb-986e-024223516252
2021-06-18 12:14:28,543 WARN  [org.apache.activemq.artemis.core.server] AMQ222107: Cleared up resources for session 13971758-d01d-11eb-986e-024223516252
2021-06-18 12:14:28,544 WARN  [org.apache.activemq.artemis.core.server] AMQ222061: Client connection failed, clearing up resources for session 13993a39-d01d-11eb-986e-024223516252
2021-06-18 12:14:28,545 WARN  [org.apache.activemq.artemis.core.server] AMQ222107: Cleared up resources for session 13993a39-d01d-11eb-986e-024223516252
2021-06-18 12:15:30,702 WARN  [org.apache.activemq.artemis.core.server] AMQ222038: Starting paging on address 'bestellungen.neu'; size is currently: 1,073,656,841 bytes; max-size-bytes: -1; global-size-bytes: 1,073,742,436
2021-06-18 12:21:42,755 WARN  [org.apache.activemq.artemis.core.server] AMQ222061: Client connection failed, clearing up resources for session e8d76b7f-d01e-11eb-b196-4e31a9c1d607
2021-06-18 12:21:42,756 WARN  [org.apache.activemq.artemis.core.server] AMQ222107: Cleared up resources for session e8d76b7f-d01e-11eb-b196-4e31a9c1d607
2021-06-18 12:21:42,757 WARN  [org.apache.activemq.artemis.core.server] AMQ222061: Client connection failed, clearing up resources for session e8d9db80-d01e-11eb-b196-4e31a9c1d607
2021-06-18 12:21:42,768 WARN  [org.apache.activemq.artemis.core.server] AMQ222107: Cleared up resources for session e8d9db80-d01e-11eb-b196-4e31a9c1d607
2021-06-18 12:22:31,263 WARN  [org.apache.activemq.artemis.core.client] AMQ212037: Connection failure to /127.0.0.1:43930 has been detected: readAddress(..) failed: Connection reset by peer [code=GENERIC_EXCEPTION]
2021-06-18 12:22:31,264 WARN  [org.apache.activemq.artemis.core.server] AMQ222061: Client connection failed, clearing up resources for session 0c333cc6-d01f-11eb-965d-4e31a9c1d607
2021-06-18 12:22:31,265 WARN  [org.apache.activemq.artemis.core.server] AMQ222107: Cleared up resources for session 0c333cc6-d01f-11eb-965d-4e31a9c1d607
2021-06-18 12:22:31,265 WARN  [org.apache.activemq.artemis.core.server] AMQ222061: Client connection failed, clearing up resources for session 0c355fa7-d01f-11eb-965d-4e31a9c1d607
2021-06-18 12:22:31,275 WARN  [org.apache.activemq.artemis.core.server] AMQ222107: Cleared up resources for session 0c355fa7-d01f-11eb-965d-4e31a9c1d607
2021-06-18 12:30:28,299 ERROR [org.apache.activemq.artemis.core.server] AMQ224065: Failed to remove auto-created queue bestellungen.neu: ActiveMQShutdownException[errorType=SHUTDOWN_ERROR message=Journal must be in state=LOADED, was [STOPPED]]
	at org.apache.activemq.artemis.core.journal.impl.JournalImpl.checkJournalIsLoaded(JournalImpl.java:1167) [artemis-journal-2.17.0.jar:2.17.0]
	at org.apache.activemq.artemis.core.journal.impl.JournalImpl.appendDeleteRecordTransactional(JournalImpl.java:1240) [artemis-journal-2.17.0.jar:2.17.0]
	at org.apache.activemq.artemis.core.journal.impl.JournalBase.appendDeleteRecordTransactional(JournalBase.java:106) [artemis-journal-2.17.0.jar:2.17.0]
	at org.apache.activemq.artemis.core.journal.impl.JournalImpl.appendDeleteRecordTransactional(JournalImpl.java:92) [artemis-journal-2.17.0.jar:2.17.0]
	at org.apache.activemq.artemis.core.persistence.impl.journal.AbstractJournalStorageManager.deleteQueueBinding(AbstractJournalStorageManager.java:1437) [artemis-server-2.17.0.jar:2.17.0]
	at org.apache.activemq.artemis.core.server.impl.QueueImpl.deleteQueue(QueueImpl.java:2319) [artemis-server-2.17.0.jar:2.17.0]
	at org.apache.activemq.artemis.core.server.impl.ActiveMQServerImpl.destroyQueue(ActiveMQServerImpl.java:2357) [artemis-server-2.17.0.jar:2.17.0]
	at org.apache.activemq.artemis.core.server.impl.QueueManagerImpl.performAutoDeleteQueue(QueueManagerImpl.java:72) [artemis-server-2.17.0.jar:2.17.0]
	at org.apache.activemq.artemis.core.server.impl.QueueManagerImpl.doIt(QueueManagerImpl.java:44) [artemis-server-2.17.0.jar:2.17.0]
	at org.apache.activemq.artemis.utils.actors.OrderedExecutor.doTask(OrderedExecutor.java:42) [artemis-commons-2.17.0.jar:2.17.0]
	at org.apache.activemq.artemis.utils.actors.OrderedExecutor.doTask(OrderedExecutor.java:31) [artemis-commons-2.17.0.jar:2.17.0]
	at org.apache.activemq.artemis.utils.actors.ProcessorBase.executePendingTasks(ProcessorBase.java:65) [artemis-commons-2.17.0.jar:2.17.0]
	at java.base/java.util.concurrent.ThreadPoolExecutor.runWorker(ThreadPoolExecutor.java:1130) [java.base:]
	at java.base/java.util.concurrent.ThreadPoolExecutor$Worker.run(ThreadPoolExecutor.java:630) [java.base:]
	at org.apache.activemq.artemis.utils.ActiveMQThreadFactory$1.run(ActiveMQThreadFactory.java:118) [artemis-commons-2.17.0.jar:2.17.0]

2021-06-18 12:30:28,760 INFO  [io.hawt.web.auth.AuthenticationFilter] Destroying hawtio authentication filter
2021-06-18 12:30:28,761 INFO  [io.hawt.HawtioContextListener] Destroying hawtio services
2021-06-18 12:30:28,771 INFO  [org.apache.activemq.hawtio.plugin.PluginContextListener] Destroyed artemis-plugin plugin
2021-06-18 12:30:28,773 INFO  [org.apache.activemq.hawtio.branding.PluginContextListener] Destroyed activemq-branding plugin
2021-06-18 12:30:28,793 INFO  [org.apache.activemq.artemis.core.server] AMQ221002: Apache ActiveMQ Artemis Message Broker version 2.17.0 [f18cf8d6-cf46-11eb-9aaa-4a966d4a09fc] stopped, uptime 1 hour 11 minutes
2021-06-18 12:33:24,059 INFO  [org.apache.activemq.artemis.integration.bootstrap] AMQ101000: Starting ActiveMQ Artemis Server
2021-06-18 12:33:24,113 INFO  [org.apache.activemq.artemis.core.server] AMQ221000: live Message Broker is starting with configuration Broker Configuration (clustered=false,journalDirectory=data/journal,bindingsDirectory=data/bindings,largeMessagesDirectory=data/large-messages,pagingDirectory=data/paging)
2021-06-18 12:33:24,150 INFO  [org.apache.activemq.artemis.core.server] AMQ221012: Using AIO Journal
2021-06-18 12:33:24,245 INFO  [org.apache.activemq.artemis.core.server] AMQ221043: Protocol module found: [artemis-server]. Adding protocol support for: CORE
2021-06-18 12:33:24,246 INFO  [org.apache.activemq.artemis.core.server] AMQ221043: Protocol module found: [artemis-amqp-protocol]. Adding protocol support for: AMQP
2021-06-18 12:33:24,246 INFO  [org.apache.activemq.artemis.core.server] AMQ221043: Protocol module found: [artemis-hornetq-protocol]. Adding protocol support for: HORNETQ
2021-06-18 12:33:24,247 INFO  [org.apache.activemq.artemis.core.server] AMQ221043: Protocol module found: [artemis-mqtt-protocol]. Adding protocol support for: MQTT
2021-06-18 12:33:24,247 INFO  [org.apache.activemq.artemis.core.server] AMQ221043: Protocol module found: [artemis-openwire-protocol]. Adding protocol support for: OPENWIRE
2021-06-18 12:33:24,248 INFO  [org.apache.activemq.artemis.core.server] AMQ221043: Protocol module found: [artemis-stomp-protocol]. Adding protocol support for: STOMP
2021-06-18 12:33:24,329 INFO  [org.apache.activemq.artemis.core.server] AMQ221034: Waiting indefinitely to obtain live lock
2021-06-18 12:33:24,329 INFO  [org.apache.activemq.artemis.core.server] AMQ221035: Live Server Obtained live lock
2021-06-18 12:33:25,988 INFO  [org.apache.activemq.artemis.core.server] AMQ221041: Cannot find queue 2,148,491,223 while reloading PAGE_CURSOR_COMPLETE, deleting record now
2021-06-18 12:33:25,994 WARN  [org.apache.activemq.artemis.core.server] AMQ222043: Message for queue 2,148,487,270 which does not exist. This message will be ignored.
2021-06-18 12:33:25,995 INFO  [org.apache.activemq.artemis.core.server] AMQ221019: Deleting unreferenced message id=2,148,491,201 from the journal
2021-06-18 12:33:26,013 INFO  [org.apache.activemq.artemis.core.server] AMQ221080: Deploying address DLQ supporting [ANYCAST]
2021-06-18 12:33:26,015 INFO  [org.apache.activemq.artemis.core.server] AMQ221003: Deploying ANYCAST queue DLQ on address DLQ
2021-06-18 12:33:26,053 WARN  [org.apache.activemq.artemis.core.server] AMQ222274: Failed to deploy address DLQ: AMQ229209: Can't remove routing type MULTICAST, queues exists for address: DLQ. Please delete queues before removing this routing type.
2021-06-18 12:33:26,056 INFO  [org.apache.activemq.artemis.core.server] AMQ221080: Deploying address ExpiryQueue supporting [ANYCAST]
2021-06-18 12:33:26,057 INFO  [org.apache.activemq.artemis.core.server] AMQ221003: Deploying ANYCAST queue ExpiryQueue on address ExpiryQueue
2021-06-18 12:33:26,057 INFO  [org.apache.activemq.artemis.core.server] AMQ221080: Deploying address tanke.preise supporting [MULTICAST]
2021-06-18 12:33:26,442 INFO  [org.apache.activemq.artemis.core.server] AMQ221020: Started EPOLL Acceptor at 0.0.0.0:61616 for protocols [CORE,MQTT,AMQP,STOMP,HORNETQ,OPENWIRE]
2021-06-18 12:33:26,480 INFO  [org.apache.activemq.artemis.core.server] AMQ221020: Started EPOLL Acceptor at 0.0.0.0:5445 for protocols [HORNETQ,STOMP]
2021-06-18 12:33:26,485 INFO  [org.apache.activemq.artemis.core.server] AMQ221020: Started EPOLL Acceptor at 0.0.0.0:5672 for protocols [AMQP]
2021-06-18 12:33:26,524 INFO  [org.apache.activemq.artemis.core.server] AMQ221020: Started EPOLL Acceptor at 0.0.0.0:1883 for protocols [MQTT]
2021-06-18 12:33:26,529 INFO  [org.apache.activemq.artemis.core.server] AMQ221020: Started EPOLL Acceptor at 0.0.0.0:61613 for protocols [STOMP]
2021-06-18 12:33:26,532 INFO  [org.apache.activemq.artemis.core.server] AMQ221007: Server is now live
2021-06-18 12:33:26,532 INFO  [org.apache.activemq.artemis.core.server] AMQ221001: Apache ActiveMQ Artemis Message Broker version 2.17.0 [0.0.0.0, nodeID=f18cf8d6-cf46-11eb-9aaa-4a966d4a09fc] 
2021-06-18 12:33:26,940 INFO  [org.apache.activemq.hawtio.branding.PluginContextListener] Initialized activemq-branding plugin
2021-06-18 12:33:26,995 INFO  [org.apache.activemq.hawtio.plugin.PluginContextListener] Initialized artemis-plugin plugin
2021-06-18 12:33:27,289 INFO  [io.hawt.HawtioContextListener] Initialising hawtio services
2021-06-18 12:33:27,310 INFO  [io.hawt.system.ConfigManager] Configuration will be discovered via system properties
2021-06-18 12:33:27,313 INFO  [io.hawt.jmx.JmxTreeWatcher] Welcome to Hawtio 2.11.0
2021-06-18 12:33:27,318 INFO  [io.hawt.web.auth.AuthenticationConfiguration] Starting hawtio authentication filter, JAAS realm: "activemq" authorized role(s): "amq" role principal classes: "org.apache.activemq.artemis.spi.core.security.jaas.RolePrincipal"
2021-06-18 12:33:27,363 INFO  [io.hawt.web.proxy.ProxyServlet] Proxy servlet is disabled
2021-06-18 12:33:27,372 INFO  [io.hawt.web.servlets.JolokiaConfiguredAgentServlet] Jolokia overridden property: [key=policyLocation, value=file:/home/andreas/development/predic8_artemis/apache-artemis-2.17.0/../kurs/broker-1/etc/jolokia-access.xml]
2021-06-18 12:33:27,512 INFO  [org.apache.activemq.artemis] AMQ241001: HTTP Server started at http://localhost:8161
2021-06-18 12:33:27,512 INFO  [org.apache.activemq.artemis] AMQ241002: Artemis Jolokia REST API available at http://localhost:8161/console/jolokia
2021-06-18 12:33:27,512 INFO  [org.apache.activemq.artemis] AMQ241004: Artemis Console available at http://localhost:8161/console
2021-06-18 12:33:28,158 INFO  [io.hawt.web.auth.LoginServlet] Hawtio login is using 1800 sec. HttpSession timeout
2021-06-18 12:33:29,170 INFO  [io.hawt.web.auth.keycloak.KeycloakServlet] Keycloak integration is disabled
2021-06-18 12:33:32,348 INFO  [io.hawt.web.auth.LoginServlet] Logging in user: admin
2021-06-18 12:37:00,868 WARN  [org.apache.activemq.artemis.core.server] AMQ222038: Starting paging on address 'bestellungen.neu'; size is currently: 1,940,274 bytes; max-size-bytes: -1; global-size-bytes: 2,000,686
2021-06-18 12:40:54,732 WARN  [org.apache.activemq.artemis.core.client] AMQ212037: Connection failure to /127.0.0.1:44976 has been detected: readAddress(..) failed: Connection reset by peer [code=GENERIC_EXCEPTION]
2021-06-18 12:40:54,733 WARN  [org.apache.activemq.artemis.core.server] AMQ222061: Client connection failed, clearing up resources for session 1d024c29-d021-11eb-b16b-0242b37fbbad
2021-06-18 12:40:54,735 WARN  [org.apache.activemq.artemis.core.server] AMQ222107: Cleared up resources for session 1d024c29-d021-11eb-b16b-0242b37fbbad
2021-06-18 12:40:54,735 WARN  [org.apache.activemq.artemis.core.server] AMQ222061: Client connection failed, clearing up resources for session 1d0a3b6a-d021-11eb-b16b-0242b37fbbad
2021-06-18 12:40:54,736 WARN  [org.apache.activemq.artemis.core.server] AMQ222107: Cleared up resources for session 1d0a3b6a-d021-11eb-b16b-0242b37fbbad
2021-06-18 12:42:44,954 WARN  [org.apache.activemq.artemis.core.server] AMQ222061: Client connection failed, clearing up resources for session ea476de8-d021-11eb-bf50-4e31a9c1d607
2021-06-18 12:42:44,955 WARN  [org.apache.activemq.artemis.core.server] AMQ222107: Cleared up resources for session ea476de8-d021-11eb-bf50-4e31a9c1d607
2021-06-18 12:42:44,955 WARN  [org.apache.activemq.artemis.core.server] AMQ222061: Client connection failed, clearing up resources for session ea47bc09-d021-11eb-bf50-4e31a9c1d607
2021-06-18 12:42:44,955 WARN  [org.apache.activemq.artemis.core.server] AMQ222107: Cleared up resources for session ea47bc09-d021-11eb-bf50-4e31a9c1d607
